Arguments: 
  /usr/bin/node /mnt/c/Users/azero/AppData/Roaming/npm/node_modules/yarn/bin/yarn.js build:css --watch

PATH: 
  /home/azerorh/.rbenv/versions/3.1.2/bin:/home/azerorh/.rbenv/libexec:/home/azerorh/.rbenv/plugins/ruby-build/bin:/home/azerorh/.rbenv/shims:/home/azerorh/.rbenv/bin:/usr/local/sbin:/usr/local/bin:/usr/sbin:/usr/bin:/sbin:/bin:/usr/games:/usr/local/games:/usr/lib/wsl/lib:/mnt/c/Program Files (x86)/Common Files/Oracle/Java/javapath:/mnt/c/windows/system32:/mnt/c/windows:/mnt/c/windows/System32/Wbem:/mnt/c/windows/System32/WindowsPowerShell/v1.0/:/mnt/c/windows/System32/OpenSSH/:/mnt/c/WINDOWS/system32:/mnt/c/WINDOWS:/mnt/c/WINDOWS/System32/Wbem:/mnt/c/WINDOWS/System32/WindowsPowerShell/v1.0/:/mnt/c/WINDOWS/System32/OpenSSH/:/mnt/c/Program Files/NVIDIA Corporation/NVIDIA NvDLISR:/mnt/d/steamlibrary/steamapps/common/iracing/d3dgear:/mnt/c/Program Files/Git/cmd:/mnt/c/Program Files/nodejs/:/mnt/c/WINDOWS/system32:/mnt/c/WINDOWS:/mnt/c/WINDOWS/System32/Wbem:/mnt/c/WINDOWS/System32/WindowsPowerShell/v1.0/:/mnt/c/WINDOWS/System32/OpenSSH/:/mnt/c/Program Files/dotnet/:/mnt/c/Program Files (x86)/NVIDIA Corporation/PhysX/Common:/mnt/c/Ruby31-x64/bin:/mnt/c/Users/azero/AppData/Local/Microsoft/WindowsApps:/mnt/c/Users/azero/AppData/Roaming/npm:/mnt/c/Users/azero/AppData/Local/Programs/Microsoft VS Code/bin:/mnt/c/Program Files/heroku/bin:/mnt/c/Users/azero/.dotnet/tools:/snap/bin

Yarn version: 
  1.22.18

Node version: 
  10.19.0

Platform: 
  linux x64

Trace: 
  SyntaxError: /mnt/d/project/blog/package.json: Unexpected token { in JSON at position 60
      at JSON.parse (<anonymous>)
      at /mnt/c/Users/azero/AppData/Roaming/npm/node_modules/yarn/lib/cli.js:1625:59
      at Generator.next (<anonymous>)
      at step (/mnt/c/Users/azero/AppData/Roaming/npm/node_modules/yarn/lib/cli.js:310:30)
      at /mnt/c/Users/azero/AppData/Roaming/npm/node_modules/yarn/lib/cli.js:321:13

npm manifest: 
  {
    "dependencies": {
      "@popperjs/core": "^2.11.6"
    }
  }
  { "build": "esbuild app/javascript/*.* --bundle --sourcemap --outdir=app/assets/builds --public-path=assets" }
  { "build:css": "sass ./app/assets/stylesheets/application.bootstrap.scss:./app/assets/builds/application.css --no-source-map --load-path=node_modules" }

yarn manifest: 
  No manifest

Lockfile: 
  # THIS IS AN AUTOGENERATED FILE. DO NOT EDIT THIS FILE DIRECTLY.
  # yarn lockfile v1
  
  
  "@popperjs/core@^2.11.6":
    version "2.11.6"
    resolved "https://registry.yarnpkg.com/@popperjs/core/-/core-2.11.6.tgz#cee20bd55e68a1720bdab363ecf0c821ded4cd45"
    integrity sha512-50/17A98tWUfQ176raKiOGXuYpLyyVMkxxG6oylzL3BPOlA6ADGdK7EYunSa4I064xerltq9TGXs8HmOk5E+vw==
